<?xml version="1.0" encoding="UTF-8"?>
<!-- Generated by org.testng.reporters.JUnitXMLReporter -->
<testsuite hostname="ShilpiPC" name="DeliveryTestCases" tests="4" failures="0" timestamp="24 Mar 2015 17:43:05 GMT" time="129.062" errors="0">
  <testcase name="testSearchZipwithInvalid" time="3.848" classname="com.walmart.test.HomePageTest"/>
  <testcase name="testThumbnailImages" time="1.775" classname="com.walmart.test.HomePageTest"/>
  <testcase name="testValidSearch" time="11.822" classname="com.walmart.test.HomePageTest"/>
  <testcase name="verifyPopUPonvalidZipsearch" time="16.255" classname="com.walmart.test.WelcomePageTest"/>
</testsuite> <!-- DeliveryTestCases -->
